<?xml version="1.0" encoding="UTF-8"?>
<testng-results ignored="0" total="4" passed="4" failed="0" skipped="0">
  <reporter-output>
  </reporter-output>
  <suite started-at="2022-02-21T01:50:26 WAT" name="regression test" finished-at="2022-02-21T01:54:27 WAT" duration-ms="240344">
    <groups>
    </groups>
    <test started-at="2022-02-21T01:50:26 WAT" name="create_user_and_create_product" finished-at="2022-02-21T01:54:27 WAT" duration-ms="240344">
      <class name="com.cgpsTests.PAPAgents">
        <test-method is-config="true" signature="loginPAP()[pri:0, instance:com.cgpsTests.PAPAgents@49912c99]" started-at="2022-02-21T01:52:40 WAT" name="loginPAP" finished-at="2022-02-21T01:52:53 WAT" duration-ms="13417" status="PASS">
          <reporter-output>
          </reporter-output>
        </test-method> <!-- loginPAP -->
        <test-method signature="addProductTOCampaign()[pri:0, instance:com.cgpsTests.PAPAgents@49912c99]" started-at="2022-02-21T01:52:53 WAT" name="addProductTOCampaign" finished-at="2022-02-21T01:53:18 WAT" duration-ms="25148" status="PASS">
          <reporter-output>
          </reporter-output>
        </test-method> <!-- addProductTOCampaign -->
        <test-method is-config="true" signature="loginPAP()[pri:0, instance:com.cgpsTests.PAPAgents@49912c99]" started-at="2022-02-21T01:53:18 WAT" name="loginPAP" finished-at="2022-02-21T01:53:50 WAT" duration-ms="31767" status="PASS">
          <reporter-output>
          </reporter-output>
        </test-method> <!-- loginPAP -->
        <test-method signature="verifyPAPAccount()[pri:0, instance:com.cgpsTests.PAPAgents@49912c99]" started-at="2022-02-21T01:53:50 WAT" name="verifyPAPAccount" finished-at="2022-02-21T01:54:27 WAT" duration-ms="36643" status="PASS">
          <reporter-output>
          </reporter-output>
        </test-method> <!-- verifyPAPAccount -->
      </class> <!-- com.cgpsTests.PAPAgents -->
      <class name="com.cgpsTests.CreateProduct">
        <test-method signature="creatOneProduct()[pri:0, instance:com.cgpsTests.CreateProduct@1b6e1eff]" started-at="2022-02-21T01:51:24 WAT" name="creatOneProduct" finished-at="2022-02-21T01:52:40 WAT" duration-ms="75333" status="PASS">
          <reporter-output>
          </reporter-output>
        </test-method> <!-- creatOneProduct -->
      </class> <!-- com.cgpsTests.CreateProduct -->
      <class name="com.cgpsTests.BulkUpload">
        <test-method signature="test()[pri:0, instance:com.cgpsTests.BulkUpload@1eb5174b]" started-at="2022-02-21T01:50:27 WAT" name="test" finished-at="2022-02-21T01:51:24 WAT" duration-ms="57387" status="PASS">
          <reporter-output>
          </reporter-output>
        </test-method> <!-- test -->
      </class> <!-- com.cgpsTests.BulkUpload -->
    </test> <!-- create_user_and_create_product -->
  </suite> <!-- regression test -->
</testng-results>
