<?xml version="1.0" encoding="UTF-8"?>
<!-- Generated by org.testng.reporters.JUnitXMLReporter -->
<testsuite ignored="0" hostname="IANKOH-PC" failures="1" tests="5" name="create_user_and_create_product" time="251.833" errors="0" timestamp="2022-02-26T17:39:40 WAT">
  <testcase classname="com.cgpsTests.BulkUpload" name="test" time="35.235"/>
  <testcase classname="com.cgpsTests.emailNotificationTest" name="addInbox" time="66.658"/>
  <testcase classname="com.cgpsTests.CreateProduct" name="creatOneProduct" time="3.784">
    <failure type="java.lang.NullPointerException">
      <![CDATA[java.lang.NullPointerException
at com.cgpsTests.LauchWebApp.openCGPS(LauchWebApp.java:28)
at com.cgpsTests.CreateProduct.creatOneProduct(CreateProduct.java:28)
at java.base/java.util.ArrayList.forEach(ArrayList.java:1540)
... Removed 27 stack frames]]>
    </failure>
  </testcase> <!-- creatOneProduct -->
  <testcase classname="com.cgpsTests.PAPAgents" name="addProductTOCampaign" time="45.934"/>
  <testcase classname="com.cgpsTests.PAPAgents" name="verifyPAPAccount" time="50.602"/>
</testsuite> <!-- create_user_and_create_product -->
