<?xml version="1.0" encoding="UTF-8"?>
<!-- Generated by org.testng.reporters.JUnitXMLReporter -->
<testsuite ignored="0" hostname="IANKOH-PC" failures="0" tests="4" name="create_user_and_create_product" time="240.344" errors="0" timestamp="2022-02-21T01:54:27 WAT">
  <testcase classname="com.cgpsTests.BulkUpload" name="test" time="57.387"/>
  <testcase classname="com.cgpsTests.CreateProduct" name="creatOneProduct" time="75.333"/>
  <testcase classname="com.cgpsTests.PAPAgents" name="addProductTOCampaign" time="25.148"/>
  <testcase classname="com.cgpsTests.PAPAgents" name="verifyPAPAccount" time="36.643"/>
</testsuite> <!-- create_user_and_create_product -->
